Drill report for SparkFun_GNSS_Flex_Breakout_panelized.kicad_pcb
Created on 2025-05-12T17:56:43+0100

Copper Layer Stackup:
    =============================================================
    L1 :  F.Cu                      front
    L2 :  L2.Cu                     in1
    L3 :  L3.Cu                     in2
    L4 :  B.Cu                      back


Drill file 'SparkFun_GNSS_Flex_Breakout_panelized.drl' contains
    plated through holes:
    =============================================================
    T1  0.305mm  0.0120"  (1180 holes)
    T2  0.600mm  0.0236"  (32 holes)  (with 32 slots)
    T3  1.016mm  0.0400"  (144 holes)

    Total plated holes count 1356


Not plated through holes are merged with plated holes
    unplated through holes:
    =============================================================
    T4  0.650mm  0.0256"  (16 holes)
    T5  1.200mm  0.0472"  (16 holes)
    T6  3.100mm  0.1220"  (32 holes)

    Total unplated holes count 64
